Started GET "/items/new" for ::1 at 2020-08-28 16:20:17 -0600
  [1m[35m (1.5ms)[0m  [1m[34mSELECT "schema_migrations"."version" FROM "schema_migrations" ORDER BY "schema_migrations"."version" ASC[0m
  ↳ /Users/mac/.rvm/gems/ruby-2.5.1@inventory-gemset/gems/better_errors-2.7.1/lib/better_errors/middleware.rb:84

ActiveRecord::PendingMigrationError - Migrations are pending. To resolve this issue, run:

        bin/rails db:migrate RAILS_ENV=development

:

Started POST "/__better_errors/a79d167df4c5e0b0/variables" for ::1 at 2020-08-28 16:20:17 -0600
  [1m[35m (63.0ms)[0m  [1m[35mCREATE TABLE "ar_internal_metadata" ("key" character varying NOT NULL PRIMARY KEY, "value" character varying, "created_at" timestamp NOT NULL, "updated_at" timestamp NOT NULL)[0m
  ↳ /Users/mac/.rvm/gems/ruby-2.5.1@inventory-gemset/gems/rake-12.3.3/lib/rake/task.rb:273
  [1m[35m (3.4ms)[0m  [1m[34mSELECT pg_try_advisory_lock(6103990896674070750)[0m
  ↳ /Users/mac/.rvm/gems/ruby-2.5.1@inventory-gemset/gems/rake-12.3.3/lib/rake/task.rb:273
  [1m[35m (0.4ms)[0m  [1m[34mSELECT "schema_migrations"."version" FROM "schema_migrations" ORDER BY "schema_migrations"."version" ASC[0m
  ↳ /Users/mac/.rvm/gems/ruby-2.5.1@inventory-gemset/gems/rake-12.3.3/lib/rake/task.rb:273
Migrating to AddNewColumnsToItems (20200827044056)
  [1m[35m (0.1ms)[0m  [1m[35mBEGIN[0m
  ↳ /Users/mac/.rvm/gems/ruby-2.5.1@inventory-gemset/gems/rake-12.3.3/lib/rake/task.rb:273
  [1m[35m (18.9ms)[0m  [1m[35mALTER TABLE "items" ADD "sale_price" decimal[0m
  ↳ db/migrate/20200827044056_add_new_columns_to_items.rb:4
  [1m[35m (1.0ms)[0m  [1m[35mALTER TABLE "items" ADD "remission" character varying[0m
  ↳ db/migrate/20200827044056_add_new_columns_to_items.rb:5
  [1m[35m (0.9ms)[0m  [1m[35mALTER TABLE "items" ADD "accessory" character varying[0m
  ↳ db/migrate/20200827044056_add_new_columns_to_items.rb:6
  [1m[36mActiveRecord::SchemaMigration Create (1.7ms)[0m  [1m[32mINSERT INTO "schema_migrations" ("version") VALUES ($1) RETURNING "version"[0m  [["version", "20200827044056"]]
  ↳ /Users/mac/.rvm/gems/ruby-2.5.1@inventory-gemset/gems/rake-12.3.3/lib/rake/task.rb:273
  [1m[35m (0.4ms)[0m  [1m[35mCOMMIT[0m
  ↳ /Users/mac/.rvm/gems/ruby-2.5.1@inventory-gemset/gems/rake-12.3.3/lib/rake/task.rb:273
  [1m[36mActiveRecord::InternalMetadata Load (6.5ms)[0m  [1m[34mSELECT  "ar_internal_metadata".* FROM "ar_internal_metadata" WHERE "ar_internal_metadata"."key" = $1 LIMIT $2[0m  [["key", "environment"], ["LIMIT", 1]]
  ↳ /Users/mac/.rvm/gems/ruby-2.5.1@inventory-gemset/gems/rake-12.3.3/lib/rake/task.rb:273
  [1m[35m (0.1ms)[0m  [1m[35mBEGIN[0m
  ↳ /Users/mac/.rvm/gems/ruby-2.5.1@inventory-gemset/gems/rake-12.3.3/lib/rake/task.rb:273
  [1m[36mActiveRecord::InternalMetadata Create (12.7ms)[0m  [1m[32mINSERT INTO "ar_internal_metadata" ("key", "value", "created_at", "updated_at") VALUES ($1, $2, $3, $4) RETURNING "key"[0m  [["key", "environment"], ["value", "development"], ["created_at", "2020-08-28 22:20:37.752452"], ["updated_at", "2020-08-28 22:20:37.752452"]]
  ↳ /Users/mac/.rvm/gems/ruby-2.5.1@inventory-gemset/gems/rake-12.3.3/lib/rake/task.rb:273
  [1m[35m (0.5ms)[0m  [1m[35mCOMMIT[0m
  ↳ /Users/mac/.rvm/gems/ruby-2.5.1@inventory-gemset/gems/rake-12.3.3/lib/rake/task.rb:273
  [1m[35m (0.4ms)[0m  [1m[34mSELECT pg_advisory_unlock(6103990896674070750)[0m
  ↳ /Users/mac/.rvm/gems/ruby-2.5.1@inventory-gemset/gems/rake-12.3.3/lib/rake/task.rb:273
  [1m[35m (0.3ms)[0m  [1m[34mSELECT "schema_migrations"."version" FROM "schema_migrations" ORDER BY "schema_migrations"."version" ASC[0m
  ↳ /Users/mac/.rvm/gems/ruby-2.5.1@inventory-gemset/gems/rake-12.3.3/lib/rake/task.rb:273
Started GET "/items/new" for ::1 at 2020-08-28 16:20:56 -0600
  [1m[35m (0.5ms)[0m  [1m[34mSELECT "schema_migrations"."version" FROM "schema_migrations" ORDER BY "schema_migrations"."version" ASC[0m
  ↳ /Users/mac/.rvm/gems/ruby-2.5.1@inventory-gemset/gems/better_errors-2.7.1/lib/better_errors/middleware.rb:84
Processing by ItemsController#new as HTML
  [1m[36mUser Load (13.8ms)[0m  [1m[34mSELECT  "users".* FROM "users" WHERE "users"."id" = $1 ORDER BY "users"."id" ASC LIMIT $2[0m  [["id", 1], ["LIMIT", 1]]
  ↳ /Users/mac/.rvm/gems/ruby-2.5.1@inventory-gemset/gems/orm_adapter-0.5.0/lib/orm_adapter/adapters/active_record.rb:17
  [1m[36mRole Load (0.4ms)[0m  [1m[34mSELECT  "roles".* FROM "roles" WHERE "roles"."id" = $1 LIMIT $2[0m  [["id", 1], ["LIMIT", 1]]
  ↳ app/models/user.rb:105
  [1m[36mCompany Load (6.2ms)[0m  [1m[34mSELECT  "companies".* FROM "companies" WHERE "companies"."id" = $1 LIMIT $2[0m  [["id", 1], ["LIMIT", 1]]
  ↳ app/controllers/application_controller.rb:25
  Rendering items/new.html.slim within layouts/application
  [1m[36mBranch Load (24.1ms)[0m  [1m[34mSELECT "branches".* FROM "branches" INNER JOIN "companies" ON "companies"."id" = "branches"."company_id" WHERE (companies.id = 1) AND "branches"."company_id" = $1 ORDER BY companies.name ,branches.name, "branches"."name" ASC[0m  [["company_id", 1]]
  ↳ /Users/mac/.rvm/gems/ruby-2.5.1@inventory-gemset/gems/client_side_validations-12.0.0/lib/client_side_validations/action_view/form_builder.rb:77
  [1m[36mCategory Load (11.6ms)[0m  [1m[34mSELECT "categories".* FROM "categories" WHERE "categories"."company_id" = $1 ORDER BY "categories"."name" ASC[0m  [["company_id", 1]]
  ↳ app/views/items/_form.html.slim:55
  [1m[36mCompany Load (0.3ms)[0m  [1m[34mSELECT  "companies".* FROM "companies" WHERE "companies"."id" = $1 ORDER BY "companies"."id" ASC LIMIT $2[0m  [["id", 1], ["LIMIT", 1]]
  ↳ app/views/items/_form.html.slim:101
  Rendered items/_form.html.slim (233.0ms)
  Rendered items/new.html.slim within layouts/application (329.1ms)
  Rendered layouts/_javascripts.html.slim (10693.0ms)
  Rendered layouts/_head.html.slim (13016.0ms)
  [1m[35m (8.3ms)[0m  [1m[34mSELECT "items"."id" FROM "items" INNER JOIN "departments" ON "departments"."id" = "items"."department_id" INNER JOIN "branches" ON "branches"."id" = "departments"."branch_id" INNER JOIN "companies" ON "companies"."id" = "branches"."company_id" WHERE (companies.id = 1)[0m
  ↳ app/policies/item_policy.rb:11
  [1m[35m (0.5ms)[0m  [1m[34mSELECT "items"."id" FROM "items" INNER JOIN "branches" ON "branches"."id" = "items"."branch_id" INNER JOIN "companies" ON "companies"."id" = "branches"."company_id" WHERE (companies.id = 1)[0m
  ↳ app/policies/item_policy.rb:13
  [1m[35m (11.3ms)[0m  [1m[34mSELECT COUNT(*) FROM "items" WHERE 1=0[0m
  ↳ app/views/layouts/_header.html.slim:21
  [1m[35mCACHE  (0.0ms)[0m  [1m[34mSELECT COUNT(*) FROM "items" WHERE 1=0[0m
  ↳ app/views/layouts/_header.html.slim:23
  [1m[35mCACHE  (0.0ms)[0m  [1m[34mSELECT COUNT(*) FROM "items" WHERE 1=0[0m
  ↳ app/views/layouts/_header.html.slim:32
  [1m[36mCACHE Company Load (0.0ms)[0m  [1m[34mSELECT  "companies".* FROM "companies" WHERE "companies"."id" = $1 LIMIT $2[0m  [["id", 1], ["LIMIT", 1]]
  ↳ app/helpers/application_helper.rb:69
  Rendered layouts/_account_dropdown.html.slim (3.8ms)
  Rendered layouts/_header.html.slim (50.6ms)
  Rendered layouts/_side_menu.html.slim (19.0ms)
  Rendered layouts/_content.html.slim (4.5ms)
  Rendered layouts/_footer.html.slim (2.6ms)
  Rendered layouts/_control_sidebar.html.slim (29.3ms)
Completed 200 OK in 13705ms (Views: 13375.6ms | ActiveRecord: 169.4ms)


Started GET "/items/new" for ::1 at 2020-08-28 16:48:01 -0600
  [1m[35m (7.4ms)[0m  [1m[34mSELECT "schema_migrations"."version" FROM "schema_migrations" ORDER BY "schema_migrations"."version" ASC[0m
  ↳ /Users/mac/.rvm/gems/ruby-2.5.1@inventory-gemset/gems/better_errors-2.7.1/lib/better_errors/middleware.rb:84
Processing by ItemsController#new as HTML
  [1m[36mUser Load (0.6ms)[0m  [1m[34mSELECT  "users".* FROM "users" WHERE "users"."id" = $1 ORDER BY "users"."id" ASC LIMIT $2[0m  [["id", 1], ["LIMIT", 1]]
  ↳ /Users/mac/.rvm/gems/ruby-2.5.1@inventory-gemset/gems/orm_adapter-0.5.0/lib/orm_adapter/adapters/active_record.rb:17
  [1m[36mRole Load (0.3ms)[0m  [1m[34mSELECT  "roles".* FROM "roles" WHERE "roles"."id" = $1 LIMIT $2[0m  [["id", 1], ["LIMIT", 1]]
  ↳ app/models/user.rb:105
  [1m[36mCompany Load (0.5ms)[0m  [1m[34mSELECT  "companies".* FROM "companies" WHERE "companies"."id" = $1 LIMIT $2[0m  [["id", 1], ["LIMIT", 1]]
  ↳ app/controllers/application_controller.rb:25
  Rendering items/new.html.slim within layouts/application
  [1m[36mBranch Load (2.3ms)[0m  [1m[34mSELECT "branches".* FROM "branches" INNER JOIN "companies" ON "companies"."id" = "branches"."company_id" WHERE (companies.id = 1) AND "branches"."company_id" = $1 ORDER BY companies.name ,branches.name, "branches"."name" ASC[0m  [["company_id", 1]]
  ↳ /Users/mac/.rvm/gems/ruby-2.5.1@inventory-gemset/gems/client_side_validations-12.0.0/lib/client_side_validations/action_view/form_builder.rb:77
  [1m[36mCategory Load (0.5ms)[0m  [1m[34mSELECT "categories".* FROM "categories" WHERE "categories"."company_id" = $1 ORDER BY "categories"."name" ASC[0m  [["company_id", 1]]
  ↳ app/views/items/_form.html.slim:55
  [1m[36mCompany Load (0.3ms)[0m  [1m[34mSELECT  "companies".* FROM "companies" WHERE "companies"."id" = $1 ORDER BY "companies"."id" ASC LIMIT $2[0m  [["id", 1], ["LIMIT", 1]]
  ↳ app/views/items/_form.html.slim:101
  Rendered items/_form.html.slim (92.0ms)
  Rendered items/new.html.slim within layouts/application (150.1ms)
  Rendered layouts/_javascripts.html.slim (1443.7ms)
  Rendered layouts/_head.html.slim (2020.8ms)
  [1m[35m (1.7ms)[0m  [1m[34mSELECT "items"."id" FROM "items" INNER JOIN "departments" ON "departments"."id" = "items"."department_id" INNER JOIN "branches" ON "branches"."id" = "departments"."branch_id" INNER JOIN "companies" ON "companies"."id" = "branches"."company_id" WHERE (companies.id = 1)[0m
  ↳ app/policies/item_policy.rb:11
  [1m[35m (0.5ms)[0m  [1m[34mSELECT "items"."id" FROM "items" INNER JOIN "branches" ON "branches"."id" = "items"."branch_id" INNER JOIN "companies" ON "companies"."id" = "branches"."company_id" WHERE (companies.id = 1)[0m
  ↳ app/policies/item_policy.rb:13
  [1m[35m (0.3ms)[0m  [1m[34mSELECT COUNT(*) FROM "items" WHERE 1=0[0m
  ↳ app/views/layouts/_header.html.slim:21
  [1m[35mCACHE  (0.0ms)[0m  [1m[34mSELECT COUNT(*) FROM "items" WHERE 1=0[0m
  ↳ app/views/layouts/_header.html.slim:23
  [1m[35mCACHE  (0.0ms)[0m  [1m[34mSELECT COUNT(*) FROM "items" WHERE 1=0[0m
  ↳ app/views/layouts/_header.html.slim:32
  [1m[36mCACHE Company Load (0.0ms)[0m  [1m[34mSELECT  "companies".* FROM "companies" WHERE "companies"."id" = $1 LIMIT $2[0m  [["id", 1], ["LIMIT", 1]]
  ↳ app/helpers/application_helper.rb:69
  Rendered layouts/_account_dropdown.html.slim (6.6ms)
  Rendered layouts/_header.html.slim (41.9ms)
  Rendered layouts/_side_menu.html.slim (18.4ms)
  Rendered layouts/_content.html.slim (2.6ms)
  Rendered layouts/_footer.html.slim (2.2ms)
  Rendered layouts/_control_sidebar.html.slim (36.5ms)
Completed 200 OK in 2490ms (Views: 2306.9ms | ActiveRecord: 33.9ms)


Started POST "/items" for ::1 at 2020-08-28 16:50:09 -0600
  [1m[35m (0.8ms)[0m  [1m[34mSELECT "schema_migrations"."version" FROM "schema_migrations" ORDER BY "schema_migrations"."version" ASC[0m
  ↳ /Users/mac/.rvm/gems/ruby-2.5.1@inventory-gemset/gems/better_errors-2.7.1/lib/better_errors/middleware.rb:84
Processing by ItemsController#create as HTML
  Parameters: {"utf8"=>"✓", "authenticity_token"=>"5HkWdhk3dSo7niGWIPjOPKhNiLwkAcZGYTtC6WW9jlKpdqdQn-0350K_iwNwecR1-kS0mG2lKSyzegdZwEJlLg", "item"=>{"branch_id"=>"", "department_id"=>"", "code"=>"", "remission"=>"", "name"=>"", "description"=>"", "accessory"=>"", "category_id"=>"", "sub_category_id"=>"", "purchased_date"=>"", "model"=>"", "price"=>"0.00", "serial_number"=>"", "image"=>"", "status_item_id"=>"2"}, "category_id"=>"", "boss_id"=>"null", "button"=>""}
  [1m[36mUser Load (0.9ms)[0m  [1m[34mSELECT  "users".* FROM "users" WHERE "users"."id" = $1 ORDER BY "users"."id" ASC LIMIT $2[0m  [["id", 1], ["LIMIT", 1]]
  ↳ /Users/mac/.rvm/gems/ruby-2.5.1@inventory-gemset/gems/orm_adapter-0.5.0/lib/orm_adapter/adapters/active_record.rb:17
  [1m[36mRole Load (0.3ms)[0m  [1m[34mSELECT  "roles".* FROM "roles" WHERE "roles"."id" = $1 LIMIT $2[0m  [["id", 1], ["LIMIT", 1]]
  ↳ app/models/user.rb:105
  [1m[36mCompany Load (0.3ms)[0m  [1m[34mSELECT  "companies".* FROM "companies" WHERE "companies"."id" = $1 LIMIT $2[0m  [["id", 1], ["LIMIT", 1]]
  ↳ app/controllers/application_controller.rb:25
Unpermitted parameter: :category_id
Unpermitted parameter: :category_id
  [1m[35m (0.2ms)[0m  [1m[35mBEGIN[0m
  ↳ app/controllers/items_controller.rb:66
  [1m[36mStatusItem Load (0.4ms)[0m  [1m[34mSELECT  "status_items".* FROM "status_items" WHERE "status_items"."id" = $1 LIMIT $2[0m  [["id", 2], ["LIMIT", 1]]
  ↳ app/controllers/items_controller.rb:66
  [1m[35m (5.7ms)[0m  [1m[31mROLLBACK[0m
  ↳ app/controllers/items_controller.rb:66
  Rendering items/new.html.slim within layouts/application
  [1m[36mBranch Load (1.5ms)[0m  [1m[34mSELECT "branches".* FROM "branches" INNER JOIN "companies" ON "companies"."id" = "branches"."company_id" WHERE (companies.id = 1) AND "branches"."company_id" = $1 ORDER BY companies.name ,branches.name, "branches"."name" ASC[0m  [["company_id", 1]]
  ↳ /Users/mac/.rvm/gems/ruby-2.5.1@inventory-gemset/gems/client_side_validations-12.0.0/lib/client_side_validations/action_view/form_builder.rb:77
  [1m[36mCategory Load (0.3ms)[0m  [1m[34mSELECT "categories".* FROM "categories" WHERE "categories"."company_id" = $1 ORDER BY "categories"."name" ASC[0m  [["company_id", 1]]
  ↳ app/views/items/_form.html.slim:55
  [1m[36mCompany Load (0.2ms)[0m  [1m[34mSELECT  "companies".* FROM "companies" WHERE "companies"."id" = $1 ORDER BY "companies"."id" ASC LIMIT $2[0m  [["id", 1], ["LIMIT", 1]]
  ↳ app/views/items/_form.html.slim:101
  Rendered items/_form.html.slim (78.3ms)
  Rendered items/new.html.slim within layouts/application (92.6ms)
  Rendered layouts/_javascripts.html.slim (1396.7ms)
  Rendered layouts/_head.html.slim (1984.4ms)
  [1m[35m (1.7ms)[0m  [1m[34mSELECT "items"."id" FROM "items" INNER JOIN "departments" ON "departments"."id" = "items"."department_id" INNER JOIN "branches" ON "branches"."id" = "departments"."branch_id" INNER JOIN "companies" ON "companies"."id" = "branches"."company_id" WHERE (companies.id = 1)[0m
  ↳ app/policies/item_policy.rb:11
  [1m[35m (0.5ms)[0m  [1m[34mSELECT "items"."id" FROM "items" INNER JOIN "branches" ON "branches"."id" = "items"."branch_id" INNER JOIN "companies" ON "companies"."id" = "branches"."company_id" WHERE (companies.id = 1)[0m
  ↳ app/policies/item_policy.rb:13
  [1m[35m (0.4ms)[0m  [1m[34mSELECT COUNT(*) FROM "items" WHERE 1=0[0m
  ↳ app/views/layouts/_header.html.slim:21
  [1m[35mCACHE  (0.0ms)[0m  [1m[34mSELECT COUNT(*) FROM "items" WHERE 1=0[0m
  ↳ app/views/layouts/_header.html.slim:23
  [1m[35mCACHE  (0.0ms)[0m  [1m[34mSELECT COUNT(*) FROM "items" WHERE 1=0[0m
  ↳ app/views/layouts/_header.html.slim:32
  [1m[36mCompany Load (0.2ms)[0m  [1m[34mSELECT  "companies".* FROM "companies" WHERE "companies"."id" = $1 LIMIT $2[0m  [["id", 1], ["LIMIT", 1]]
  ↳ app/helpers/application_helper.rb:69
  Rendered layouts/_account_dropdown.html.slim (6.7ms)
  Rendered layouts/_header.html.slim (42.3ms)
  Rendered layouts/_side_menu.html.slim (19.8ms)
  Rendered layouts/_content.html.slim (2.7ms)
  Rendered layouts/_footer.html.slim (2.3ms)
  Rendered layouts/_control_sidebar.html.slim (35.6ms)
Completed 200 OK in 2446ms (Views: 2218.6ms | ActiveRecord: 39.2ms)


  [1m[36mUser Load (0.7ms)[0m  [1m[34mSELECT  "users".* FROM "users" ORDER BY "users"."id" ASC LIMIT $1[0m  [["LIMIT", 1]]
Started GET "/users/edit" for ::1 at 2020-08-29 12:21:26 -0600
  [1m[35m (0.8ms)[0m  [1m[34mSELECT "schema_migrations"."version" FROM "schema_migrations" ORDER BY "schema_migrations"."version" ASC[0m
  ↳ /Users/mac/.rvm/gems/ruby-2.5.1@inventory-gemset/gems/better_errors-2.7.1/lib/better_errors/middleware.rb:84
  [1m[36mUser Load (0.7ms)[0m  [1m[34mSELECT  "users".* FROM "users" WHERE "users"."id" = $1 ORDER BY "users"."id" ASC LIMIT $2[0m  [["id", 1], ["LIMIT", 1]]
  ↳ /Users/mac/.rvm/gems/ruby-2.5.1@inventory-gemset/gems/orm_adapter-0.5.0/lib/orm_adapter/adapters/active_record.rb:17

ActionController::RoutingError - undefined method `before_filter' for Users::RegistrationsController:Class
Did you mean?  before_action:
  app/controllers/users/registrations_controller.rb:4:in `<class:RegistrationsController>'
  app/controllers/users/registrations_controller.rb:1:in `<top (required)>'

Started POST "/__better_errors/f5fa1c49f287b730/variables" for ::1 at 2020-08-29 12:21:26 -0600
Started GET "/users/edit" for ::1 at 2020-08-29 12:22:02 -0600
  [1m[35m (0.7ms)[0m  [1m[34mSELECT "schema_migrations"."version" FROM "schema_migrations" ORDER BY "schema_migrations"."version" ASC[0m
  ↳ /Users/mac/.rvm/gems/ruby-2.5.1@inventory-gemset/gems/better_errors-2.7.1/lib/better_errors/middleware.rb:84
  [1m[36mUser Load (0.8ms)[0m  [1m[34mSELECT  "users".* FROM "users" WHERE "users"."id" = $1 ORDER BY "users"."id" ASC LIMIT $2[0m  [["id", 1], ["LIMIT", 1]]
  ↳ /Users/mac/.rvm/gems/ruby-2.5.1@inventory-gemset/gems/orm_adapter-0.5.0/lib/orm_adapter/adapters/active_record.rb:17
Processing by Users::RegistrationsController#edit as HTML
  [1m[36mCompany Load (0.4ms)[0m  [1m[34mSELECT  "companies".* FROM "companies" WHERE "companies"."id" = $1 LIMIT $2[0m  [["id", 1], ["LIMIT", 1]]
  ↳ app/controllers/application_controller.rb:25
  Rendering users/registrations/edit.html.slim within layouts/application
  Rendered users/registrations/edit.html.slim within layouts/application (1632.5ms)
Completed 500 Internal Server Error in 1708ms (ActiveRecord: 3.8ms)



ActionView::Template::Error - Nil location provided. Can't build URI.:
  app/views/users/registrations/edit.html.slim:7:in `view template'
  app/views/users/registrations/edit.html.slim:7:in `block in _app_views_users_registrations_edit_html_slim___2950764251256082993_70100547067440'
  app/views/users/registrations/edit.html.slim:4:in `_app_views_users_registrations_edit_html_slim___2950764251256082993_70100547067440'
  app/controllers/users/registrations_controller.rb:135:in `edit'

Started POST "/__better_errors/2983996e71f97ede/variables" for ::1 at 2020-08-29 12:22:04 -0600
Started GET "/users/edit" for ::1 at 2020-08-29 12:22:25 -0600
  [1m[36mUser Load (0.5ms)[0m  [1m[34mSELECT  "users".* FROM "users" WHERE "users"."id" = $1 ORDER BY "users"."id" ASC LIMIT $2[0m  [["id", 1], ["LIMIT", 1]]
  ↳ /Users/mac/.rvm/gems/ruby-2.5.1@inventory-gemset/gems/orm_adapter-0.5.0/lib/orm_adapter/adapters/active_record.rb:17
Processing by Users::RegistrationsController#edit as HTML
  [1m[36mCompany Load (0.7ms)[0m  [1m[34mSELECT  "companies".* FROM "companies" WHERE "companies"."id" = $1 LIMIT $2[0m  [["id", 1], ["LIMIT", 1]]
  ↳ app/controllers/application_controller.rb:25
  Rendering users/registrations/edit.html.slim within layouts/application
  [1m[36mRole Load (0.6ms)[0m  [1m[34mSELECT  "roles".* FROM "roles" WHERE "roles"."id" = $1 LIMIT $2[0m  [["id", 1], ["LIMIT", 1]]
  ↳ /Users/mac/.rvm/gems/ruby-2.5.1@inventory-gemset/gems/client_side_validations-12.0.0/lib/client_side_validations/active_model.rb:21
  Rendered users/registrations/edit.html.slim within layouts/application (228.4ms)
  Rendered layouts/_javascripts.html.slim (1034.8ms)
  Rendered layouts/_head.html.slim (1671.2ms)
  [1m[35m (2.4ms)[0m  [1m[34mSELECT "items"."id" FROM "items" INNER JOIN "departments" ON "departments"."id" = "items"."department_id" INNER JOIN "branches" ON "branches"."id" = "departments"."branch_id" INNER JOIN "companies" ON "companies"."id" = "branches"."company_id" WHERE (companies.id = 1)[0m
  ↳ app/policies/item_policy.rb:11
  [1m[35m (0.5ms)[0m  [1m[34mSELECT "items"."id" FROM "items" INNER JOIN "branches" ON "branches"."id" = "items"."branch_id" INNER JOIN "companies" ON "companies"."id" = "branches"."company_id" WHERE (companies.id = 1)[0m
  ↳ app/policies/item_policy.rb:13
  [1m[35m (0.4ms)[0m  [1m[34mSELECT COUNT(*) FROM "items" WHERE 1=0[0m
  ↳ app/views/layouts/_header.html.slim:21
  [1m[35mCACHE  (0.0ms)[0m  [1m[34mSELECT COUNT(*) FROM "items" WHERE 1=0[0m
  ↳ app/views/layouts/_header.html.slim:23
  [1m[35mCACHE  (0.0ms)[0m  [1m[34mSELECT COUNT(*) FROM "items" WHERE 1=0[0m
  ↳ app/views/layouts/_header.html.slim:32
  [1m[36mCACHE Company Load (0.0ms)[0m  [1m[34mSELECT  "companies".* FROM "companies" WHERE "companies"."id" = $1 LIMIT $2[0m  [["id", 1], ["LIMIT", 1]]
  ↳ app/helpers/application_helper.rb:69
  Rendered layouts/_account_dropdown.html.slim (4.1ms)
  Rendered layouts/_header.html.slim (67.9ms)
  Rendered layouts/_side_menu.html.slim (49.6ms)
  Rendered layouts/_content.html.slim (6.9ms)
  Rendered layouts/_footer.html.slim (5.6ms)
  Rendered layouts/_control_sidebar.html.slim (59.5ms)
Completed 200 OK in 2208ms (Views: 2168.4ms | ActiveRecord: 21.1ms)


Started PUT "/users" for ::1 at 2020-08-29 12:22:53 -0600
  [1m[36mUser Load (1.1ms)[0m  [1m[34mSELECT  "users".* FROM "users" WHERE "users"."id" = $1 ORDER BY "users"."id" ASC LIMIT $2[0m  [["id", 1], ["LIMIT", 1]]
  ↳ /Users/mac/.rvm/gems/ruby-2.5.1@inventory-gemset/gems/orm_adapter-0.5.0/lib/orm_adapter/adapters/active_record.rb:17
Processing by Users::RegistrationsController#update_profile as HTML
  Parameters: {"utf8"=>"✓", "authenticity_token"=>"VD576D287BdD8PKWNRmfH2Z44JaQaC_wg2aUfSOC7YMZMcrOu2au2jrRWANlmJVWNHHcstnMwJpRJ9HNhn0G_w", "user"=>{"email"=>"godd@example.com"}, "commit"=>"Actualizar"}
  [1m[36mRole Load (0.2ms)[0m  [1m[34mSELECT  "roles".* FROM "roles" WHERE "roles"."id" = $1 LIMIT $2[0m  [["id", 1], ["LIMIT", 1]]
  ↳ app/models/user.rb:105
  [1m[36mCompany Load (0.2ms)[0m  [1m[34mSELECT  "companies".* FROM "companies" WHERE "companies"."id" = $1 LIMIT $2[0m  [["id", 1], ["LIMIT", 1]]
  ↳ app/controllers/application_controller.rb:25
  [1m[35m (0.1ms)[0m  [1m[35mBEGIN[0m
  ↳ /Users/mac/.rvm/gems/ruby-2.5.1@inventory-gemset/gems/devise-4.7.2/lib/devise/models/database_authenticatable.rb:142
  [1m[36mUser Exists (11.1ms)[0m  [1m[34mSELECT  1 AS one FROM "users" WHERE "users"."email" = $1 AND "users"."id" != $2 LIMIT $3[0m  [["email", "godd@example.com"], ["id", 1], ["LIMIT", 1]]
  ↳ /Users/mac/.rvm/gems/ruby-2.5.1@inventory-gemset/gems/devise-4.7.2/lib/devise/models/database_authenticatable.rb:142
  [1m[35m (1.0ms)[0m  [1m[31mROLLBACK[0m
  ↳ /Users/mac/.rvm/gems/ruby-2.5.1@inventory-gemset/gems/devise-4.7.2/lib/devise/models/database_authenticatable.rb:142
  Rendering users/registrations/edit.html.slim within layouts/application
  Rendered users/registrations/edit.html.slim within layouts/application (34.5ms)
  Rendered layouts/_javascripts.html.slim (74.0ms)
  Rendered layouts/_head.html.slim (603.7ms)
  [1m[35m (0.8ms)[0m  [1m[34mSELECT "items"."id" FROM "items" INNER JOIN "departments" ON "departments"."id" = "items"."department_id" INNER JOIN "branches" ON "branches"."id" = "departments"."branch_id" INNER JOIN "companies" ON "companies"."id" = "branches"."company_id" WHERE (companies.id = 1)[0m
  ↳ app/policies/item_policy.rb:11
  [1m[35m (0.5ms)[0m  [1m[34mSELECT "items"."id" FROM "items" INNER JOIN "branches" ON "branches"."id" = "items"."branch_id" INNER JOIN "companies" ON "companies"."id" = "branches"."company_id" WHERE (companies.id = 1)[0m
  ↳ app/policies/item_policy.rb:13
  [1m[35m (0.2ms)[0m  [1m[34mSELECT COUNT(*) FROM "items" WHERE 1=0[0m
  ↳ app/views/layouts/_header.html.slim:21
  [1m[35mCACHE  (0.0ms)[0m  [1m[34mSELECT COUNT(*) FROM "items" WHERE 1=0[0m
  ↳ app/views/layouts/_header.html.slim:23
  [1m[35mCACHE  (0.0ms)[0m  [1m[34mSELECT COUNT(*) FROM "items" WHERE 1=0[0m
  ↳ app/views/layouts/_header.html.slim:32
  [1m[36mCompany Load (0.2ms)[0m  [1m[34mSELECT  "companies".* FROM "companies" WHERE "companies"."id" = $1 LIMIT $2[0m  [["id", 1], ["LIMIT", 1]]
  ↳ app/helpers/application_helper.rb:69
  Rendered layouts/_account_dropdown.html.slim (5.6ms)
  Rendered layouts/_header.html.slim (31.0ms)
  Rendered layouts/_side_menu.html.slim (20.2ms)
  Rendered layouts/_content.html.slim (2.9ms)
  Rendered layouts/_footer.html.slim (4.1ms)
  Rendered layouts/_control_sidebar.html.slim (32.7ms)
Completed 200 OK in 800ms (Views: 779.1ms | ActiveRecord: 14.3ms)


Started GET "/users/edit" for ::1 at 2020-08-29 12:23:21 -0600
  [1m[36mUser Load (0.4ms)[0m  [1m[34mSELECT  "users".* FROM "users" WHERE "users"."id" = $1 ORDER BY "users"."id" ASC LIMIT $2[0m  [["id", 1], ["LIMIT", 1]]
  ↳ /Users/mac/.rvm/gems/ruby-2.5.1@inventory-gemset/gems/orm_adapter-0.5.0/lib/orm_adapter/adapters/active_record.rb:17
Processing by Users::RegistrationsController#edit as HTML
  [1m[36mCompany Load (0.2ms)[0m  [1m[34mSELECT  "companies".* FROM "companies" WHERE "companies"."id" = $1 LIMIT $2[0m  [["id", 1], ["LIMIT", 1]]
  ↳ app/controllers/application_controller.rb:25
  Rendering users/registrations/edit.html.slim within layouts/application
  [1m[36mRole Load (0.3ms)[0m  [1m[34mSELECT  "roles".* FROM "roles" WHERE "roles"."id" = $1 LIMIT $2[0m  [["id", 1], ["LIMIT", 1]]
  ↳ /Users/mac/.rvm/gems/ruby-2.5.1@inventory-gemset/gems/client_side_validations-12.0.0/lib/client_side_validations/active_model.rb:21
  Rendered users/registrations/edit.html.slim within layouts/application (127.0ms)
  Rendered layouts/_javascripts.html.slim (69.8ms)
  Rendered layouts/_head.html.slim (689.5ms)
  [1m[35m (1.8ms)[0m  [1m[34mSELECT "items"."id" FROM "items" INNER JOIN "departments" ON "departments"."id" = "items"."department_id" INNER JOIN "branches" ON "branches"."id" = "departments"."branch_id" INNER JOIN "companies" ON "companies"."id" = "branches"."company_id" WHERE (companies.id = 1)[0m
  ↳ app/policies/item_policy.rb:11
  [1m[35m (0.5ms)[0m  [1m[34mSELECT "items"."id" FROM "items" INNER JOIN "branches" ON "branches"."id" = "items"."branch_id" INNER JOIN "companies" ON "companies"."id" = "branches"."company_id" WHERE (companies.id = 1)[0m
  ↳ app/policies/item_policy.rb:13
  [1m[35m (0.4ms)[0m  [1m[34mSELECT COUNT(*) FROM "items" WHERE 1=0[0m
  ↳ app/views/layouts/_header.html.slim:21
  [1m[35mCACHE  (0.0ms)[0m  [1m[34mSELECT COUNT(*) FROM "items" WHERE 1=0[0m
  ↳ app/views/layouts/_header.html.slim:23
  [1m[35mCACHE  (0.0ms)[0m  [1m[34mSELECT COUNT(*) FROM "items" WHERE 1=0[0m
  ↳ app/views/layouts/_header.html.slim:32
  [1m[36mCACHE Company Load (0.0ms)[0m  [1m[34mSELECT  "companies".* FROM "companies" WHERE "companies"."id" = $1 LIMIT $2[0m  [["id", 1], ["LIMIT", 1]]
  ↳ app/helpers/application_helper.rb:69
  Rendered layouts/_account_dropdown.html.slim (4.8ms)
  Rendered layouts/_header.html.slim (64.9ms)
  Rendered layouts/_side_menu.html.slim (32.3ms)
  Rendered layouts/_content.html.slim (3.6ms)
  Rendered layouts/_footer.html.slim (2.2ms)
  Rendered layouts/_control_sidebar.html.slim (39.6ms)
Completed 200 OK in 1017ms (Views: 1001.8ms | ActiveRecord: 14.2ms)


Started PUT "/users" for ::1 at 2020-08-29 12:23:34 -0600
  [1m[36mUser Load (0.3ms)[0m  [1m[34mSELECT  "users".* FROM "users" WHERE "users"."id" = $1 ORDER BY "users"."id" ASC LIMIT $2[0m  [["id", 1], ["LIMIT", 1]]
  ↳ /Users/mac/.rvm/gems/ruby-2.5.1@inventory-gemset/gems/orm_adapter-0.5.0/lib/orm_adapter/adapters/active_record.rb:17
Processing by Users::RegistrationsController#update_profile as HTML
  Parameters: {"utf8"=>"✓", "authenticity_token"=>"DxGJknE2E9WXe_ryUu15JGymwcvF4poLKeH5QXfuokJCHji09-xRGO5aUGcCbHNtPq_974xGdWH7oLzx0hFJPg", "user"=>{"email"=>"godd@example.com"}, "commit"=>"Actualizar"}
  [1m[36mRole Load (0.2ms)[0m  [1m[34mSELECT  "roles".* FROM "roles" WHERE "roles"."id" = $1 LIMIT $2[0m  [["id", 1], ["LIMIT", 1]]
  ↳ app/models/user.rb:105
  [1m[36mCompany Load (0.3ms)[0m  [1m[34mSELECT  "companies".* FROM "companies" WHERE "companies"."id" = $1 LIMIT $2[0m  [["id", 1], ["LIMIT", 1]]
  ↳ app/controllers/application_controller.rb:25
  [1m[35m (0.1ms)[0m  [1m[35mBEGIN[0m
  ↳ /Users/mac/.rvm/gems/ruby-2.5.1@inventory-gemset/gems/devise-4.7.2/lib/devise/models/database_authenticatable.rb:142
  [1m[36mUser Exists (0.6ms)[0m  [1m[34mSELECT  1 AS one FROM "users" WHERE "users"."email" = $1 AND "users"."id" != $2 LIMIT $3[0m  [["email", "godd@example.com"], ["id", 1], ["LIMIT", 1]]
  ↳ /Users/mac/.rvm/gems/ruby-2.5.1@inventory-gemset/gems/devise-4.7.2/lib/devise/models/database_authenticatable.rb:142
  [1m[35m (0.1ms)[0m  [1m[31mROLLBACK[0m
  ↳ /Users/mac/.rvm/gems/ruby-2.5.1@inventory-gemset/gems/devise-4.7.2/lib/devise/models/database_authenticatable.rb:142
  Rendering users/registrations/edit.html.slim within layouts/application
  Rendered users/registrations/edit.html.slim within layouts/application (35.0ms)
  Rendered layouts/_javascripts.html.slim (25.5ms)
  Rendered layouts/_head.html.slim (771.8ms)
  [1m[35m (2.5ms)[0m  [1m[34mSELECT "items"."id" FROM "items" INNER JOIN "departments" ON "departments"."id" = "items"."department_id" INNER JOIN "branches" ON "branches"."id" = "departments"."branch_id" INNER JOIN "companies" ON "companies"."id" = "branches"."company_id" WHERE (companies.id = 1)[0m
  ↳ app/policies/item_policy.rb:11
  [1m[35m (2.2ms)[0m  [1m[34mSELECT "items"."id" FROM "items" INNER JOIN "branches" ON "branches"."id" = "items"."branch_id" INNER JOIN "companies" ON "companies"."id" = "branches"."company_id" WHERE (companies.id = 1)[0m
  ↳ app/policies/item_policy.rb:13
  [1m[35m (0.5ms)[0m  [1m[34mSELECT COUNT(*) FROM "items" WHERE 1=0[0m
  ↳ app/views/layouts/_header.html.slim:21
  [1m[35mCACHE  (0.2ms)[0m  [1m[34mSELECT COUNT(*) FROM "items" WHERE 1=0[0m
  ↳ app/views/layouts/_header.html.slim:23
  [1m[35mCACHE  (0.1ms)[0m  [1m[34mSELECT COUNT(*) FROM "items" WHERE 1=0[0m
  ↳ app/views/layouts/_header.html.slim:32
  [1m[36mCompany Load (0.4ms)[0m  [1m[34mSELECT  "companies".* FROM "companies" WHERE "companies"."id" = $1 LIMIT $2[0m  [["id", 1], ["LIMIT", 1]]
  ↳ app/helpers/application_helper.rb:69
  Rendered layouts/_account_dropdown.html.slim (12.0ms)
  Rendered layouts/_header.html.slim (71.8ms)
  Rendered layouts/_side_menu.html.slim (47.2ms)
  Rendered layouts/_content.html.slim (4.9ms)
  Rendered layouts/_footer.html.slim (6.2ms)
  Rendered layouts/_control_sidebar.html.slim (97.6ms)
Completed 200 OK in 1175ms (Views: 1155.4ms | ActiveRecord: 7.3ms)


Started GET "/users/1/edit" for ::1 at 2020-08-29 12:24:59 -0600
  [1m[36mUser Load (0.3ms)[0m  [1m[34mSELECT  "users".* FROM "users" WHERE "users"."id" = $1 ORDER BY "users"."id" ASC LIMIT $2[0m  [["id", 1], ["LIMIT", 1]]
  ↳ /Users/mac/.rvm/gems/ruby-2.5.1@inventory-gemset/gems/orm_adapter-0.5.0/lib/orm_adapter/adapters/active_record.rb:17
Processing by Users::RegistrationsController#edit_user as HTML
  Parameters: {"id"=>"1"}
  [1m[36mRole Load (0.2ms)[0m  [1m[34mSELECT  "roles".* FROM "roles" WHERE "roles"."id" = $1 LIMIT $2[0m  [["id", 1], ["LIMIT", 1]]
  ↳ app/models/user.rb:105
  [1m[36mCompany Load (0.2ms)[0m  [1m[34mSELECT  "companies".* FROM "companies" WHERE "companies"."id" = $1 LIMIT $2[0m  [["id", 1], ["LIMIT", 1]]
  ↳ app/controllers/application_controller.rb:25
  [1m[36mUser Load (0.3ms)[0m  [1m[34mSELECT  "users".* FROM "users" WHERE "users"."id" = $1 LIMIT $2[0m  [["id", 1], ["LIMIT", 1]]
  ↳ app/controllers/users/registrations_controller.rb:508
  [1m[36mRole Load (0.2ms)[0m  [1m[34mSELECT  "roles".* FROM "roles" WHERE "roles"."key" = $1 LIMIT $2[0m  [["key", "empleado_sin_acceso"], ["LIMIT", 1]]
  ↳ app/controllers/users/registrations_controller.rb:141
  [1m[36mDepartment Load (6.3ms)[0m  [1m[34mSELECT  "departments".* FROM "departments" WHERE "departments"."manager_id" = $1 ORDER BY "departments"."updated_at" DESC LIMIT $2[0m  [["manager_id", 1], ["LIMIT", 1]]
  ↳ app/controllers/users/registrations_controller.rb:149
  [1m[36mBranch Load (0.4ms)[0m  [1m[34mSELECT  "branches".* FROM "branches" WHERE "branches"."manager_id" = $1 ORDER BY "branches"."updated_at" DESC LIMIT $2[0m  [["manager_id", 1], ["LIMIT", 1]]
  ↳ app/controllers/users/registrations_controller.rb:150
  [1m[36mCompany Load (0.2ms)[0m  [1m[34mSELECT  "companies".* FROM "companies" WHERE "companies"."user_id" = $1 ORDER BY "companies"."updated_at" DESC LIMIT $2[0m  [["user_id", 1], ["LIMIT", 1]]
  ↳ app/controllers/users/registrations_controller.rb:151
  Rendering users/registrations/edit_user.html.slim within layouts/application
  [1m[36mCACHE Role Load (0.0ms)[0m  [1m[34mSELECT  "roles".* FROM "roles" WHERE "roles"."id" = $1 LIMIT $2[0m  [["id", 1], ["LIMIT", 1]]
  ↳ app/views/users/registrations/edit_user.html.slim:1
  [1m[36mRole Load (0.8ms)[0m  [1m[34mSELECT "roles".* FROM "roles" WHERE "roles"."key" IN ($1, $2, $3, $4)[0m  [["key", "admin_empresa"], ["key", "admin_sucursal"], ["key", "admin_departamento"], ["key", "empleado_sin_acceso"]]
  ↳ app/views/users/registrations/edit_user.html.slim:1
  [1m[36mCompany Load (0.6ms)[0m  [1m[34mSELECT "companies".* FROM "companies" ORDER BY "companies"."name" ASC[0m
  ↳ app/views/users/registrations/edit_user.html.slim:1
  Rendered users/registrations/_form.html.slim (30.1ms)
  Rendered users/registrations/edit_user.html.slim within layouts/application (59.9ms)
  Rendered layouts/_javascripts.html.slim (44.0ms)
  Rendered layouts/_head.html.slim (549.5ms)
  [1m[35m (0.9ms)[0m  [1m[34mSELECT "items"."id" FROM "items" INNER JOIN "departments" ON "departments"."id" = "items"."department_id" INNER JOIN "branches" ON "branches"."id" = "departments"."branch_id" INNER JOIN "companies" ON "companies"."id" = "branches"."company_id" WHERE (companies.id = 1)[0m
  ↳ app/policies/item_policy.rb:11
  [1m[35m (1.5ms)[0m  [1m[34mSELECT "items"."id" FROM "items" INNER JOIN "branches" ON "branches"."id" = "items"."branch_id" INNER JOIN "companies" ON "companies"."id" = "branches"."company_id" WHERE (companies.id = 1)[0m
  ↳ app/policies/item_policy.rb:13
  [1m[35m (0.3ms)[0m  [1m[34mSELECT COUNT(*) FROM "items" WHERE 1=0[0m
  ↳ app/views/layouts/_header.html.slim:21
  [1m[35mCACHE  (0.0ms)[0m  [1m[34mSELECT COUNT(*) FROM "items" WHERE 1=0[0m
  ↳ app/views/layouts/_header.html.slim:23
  [1m[35mCACHE  (0.0ms)[0m  [1m[34mSELECT COUNT(*) FROM "items" WHERE 1=0[0m
  ↳ app/views/layouts/_header.html.slim:32
  [1m[36mCACHE Company Load (0.0ms)[0m  [1m[34mSELECT  "companies".* FROM "companies" WHERE "companies"."id" = $1 LIMIT $2[0m  [["id", 1], ["LIMIT", 1]]
  ↳ app/helpers/application_helper.rb:69
  Rendered layouts/_account_dropdown.html.slim (4.4ms)
  Rendered layouts/_header.html.slim (36.3ms)
  Rendered layouts/_side_menu.html.slim (23.7ms)
  Rendered layouts/_content.html.slim (3.7ms)
  Rendered layouts/_footer.html.slim (2.6ms)
  Rendered layouts/_control_sidebar.html.slim (36.2ms)
Completed 200 OK in 814ms (Views: 764.4ms | ActiveRecord: 15.8ms)


Started GET "/roles/1.json" for ::1 at 2020-08-29 12:25:00 -0600
Processing by RolesController#show as JSON
  Parameters: {"id"=>"1"}
  [1m[36mUser Load (0.5ms)[0m  [1m[34mSELECT  "users".* FROM "users" WHERE "users"."id" = $1 ORDER BY "users"."id" ASC LIMIT $2[0m  [["id", 1], ["LIMIT", 1]]
  ↳ /Users/mac/.rvm/gems/ruby-2.5.1@inventory-gemset/gems/orm_adapter-0.5.0/lib/orm_adapter/adapters/active_record.rb:17
  [1m[36mRole Load (0.4ms)[0m  [1m[34mSELECT  "roles".* FROM "roles" WHERE "roles"."id" = $1 LIMIT $2[0m  [["id", 1], ["LIMIT", 1]]
  ↳ app/models/user.rb:105
  [1m[36mCompany Load (0.9ms)[0m  [1m[34mSELECT  "companies".* FROM "companies" WHERE "companies"."id" = $1 LIMIT $2[0m  [["id", 1], ["LIMIT", 1]]
  ↳ app/controllers/application_controller.rb:25
  [1m[36mRole Load (0.2ms)[0m  [1m[34mSELECT  "roles".* FROM "roles" WHERE "roles"."id" = $1 LIMIT $2[0m  [["id", 1], ["LIMIT", 1]]
  ↳ app/controllers/roles_controller.rb:105
  Rendering roles/show.json.jbuilder
  Rendered roles/show.json.jbuilder (5.2ms)
Completed 200 OK in 42ms (Views: 30.9ms | ActiveRecord: 1.9ms)


Started GET "/roles/3.json" for ::1 at 2020-08-29 12:25:20 -0600
Processing by RolesController#show as JSON
  Parameters: {"id"=>"3"}
  [1m[36mUser Load (0.3ms)[0m  [1m[34mSELECT  "users".* FROM "users" WHERE "users"."id" = $1 ORDER BY "users"."id" ASC LIMIT $2[0m  [["id", 1], ["LIMIT", 1]]
  ↳ /Users/mac/.rvm/gems/ruby-2.5.1@inventory-gemset/gems/orm_adapter-0.5.0/lib/orm_adapter/adapters/active_record.rb:17
  [1m[36mRole Load (0.2ms)[0m  [1m[34mSELECT  "roles".* FROM "roles" WHERE "roles"."id" = $1 LIMIT $2[0m  [["id", 1], ["LIMIT", 1]]
  ↳ app/models/user.rb:105
  [1m[36mCompany Load (0.2ms)[0m  [1m[34mSELECT  "companies".* FROM "companies" WHERE "companies"."id" = $1 LIMIT $2[0m  [["id", 1], ["LIMIT", 1]]
  ↳ app/controllers/application_controller.rb:25
  [1m[36mRole Load (0.1ms)[0m  [1m[34mSELECT  "roles".* FROM "roles" WHERE "roles"."id" = $1 LIMIT $2[0m  [["id", 3], ["LIMIT", 1]]
  ↳ app/controllers/roles_controller.rb:105
  Rendering roles/show.json.jbuilder
  Rendered roles/show.json.jbuilder (2.3ms)
Completed 200 OK in 23ms (Views: 16.8ms | ActiveRecord: 0.8ms)


Started GET "/companies/1.json" for ::1 at 2020-08-29 12:25:24 -0600
Processing by CompaniesController#show as JSON
  Parameters: {"id"=>"1"}
  [1m[36mUser Load (0.3ms)[0m  [1m[34mSELECT  "users".* FROM "users" WHERE "users"."id" = $1 ORDER BY "users"."id" ASC LIMIT $2[0m  [["id", 1], ["LIMIT", 1]]
  ↳ /Users/mac/.rvm/gems/ruby-2.5.1@inventory-gemset/gems/orm_adapter-0.5.0/lib/orm_adapter/adapters/active_record.rb:17
  [1m[36mRole Load (0.2ms)[0m  [1m[34mSELECT  "roles".* FROM "roles" WHERE "roles"."id" = $1 LIMIT $2[0m  [["id", 1], ["LIMIT", 1]]
  ↳ app/models/user.rb:105
  [1m[36mCompany Load (0.1ms)[0m  [1m[34mSELECT  "companies".* FROM "companies" WHERE "companies"."id" = $1 LIMIT $2[0m  [["id", 1], ["LIMIT", 1]]
  ↳ app/controllers/application_controller.rb:25
  [1m[36mCompany Load (0.2ms)[0m  [1m[34mSELECT  "companies".* FROM "companies" WHERE "companies"."id" = $1 LIMIT $2[0m  [["id", 1], ["LIMIT", 1]]
  ↳ app/controllers/companies_controller.rb:68
  Rendering companies/show.json.jbuilder
  [1m[36mRole Load (0.3ms)[0m  [1m[34mSELECT  "roles".* FROM "roles" WHERE "roles"."key" = $1 LIMIT $2[0m  [["key", "admin"], ["LIMIT", 1]]
  ↳ app/views/companies/show.json.jbuilder:2
  [1m[36mUser Load (0.4ms)[0m  [1m[34mSELECT  "users".* FROM "users" WHERE "users"."role_id" = $1 LIMIT $2[0m  [["role_id", 2], ["LIMIT", 1]]
  ↳ app/views/companies/show.json.jbuilder:2
  [1m[36mBranch Load (0.4ms)[0m  [1m[34mSELECT "branches".* FROM "branches" WHERE "branches"."company_id" = $1 ORDER BY branches.name[0m  [["company_id", 1]]
  ↳ app/views/companies/show.json.jbuilder:5
  Rendered companies/show.json.jbuilder (23.7ms)
Completed 200 OK in 45ms (Views: 36.5ms | ActiveRecord: 1.8ms)


Started PATCH "/users/1" for ::1 at 2020-08-29 12:25:33 -0600
  [1m[36mUser Load (0.2ms)[0m  [1m[34mSELECT  "users".* FROM "users" WHERE "users"."id" = $1 ORDER BY "users"."id" ASC LIMIT $2[0m  [["id", 1], ["LIMIT", 1]]
  ↳ /Users/mac/.rvm/gems/ruby-2.5.1@inventory-gemset/gems/orm_adapter-0.5.0/lib/orm_adapter/adapters/active_record.rb:17
Processing by Users::RegistrationsController#update_user as HTML
  Parameters: {"utf8"=>"✓", "authenticity_token"=>"W2abeFKAmM7TzKm_IciGgHvWUmbgwxcs5m7EID0VvrkWaSpe1FraA6rtAypxSYzJKd9uQqln-EY0L4GQmOpVxQ", "user"=>{"department_id"=>"", "role_id"=>"3", "current_company"=>"1", "branch"=>"", "department"=>"", "employee_number"=>"12345", "email"=>"godd@example.com", "first_name"=>"God", "last_name"=>"System", "maiden_name"=>"User"}, "id"=>"1"}
  [1m[36mRole Load (0.1ms)[0m  [1m[34mSELECT  "roles".* FROM "roles" WHERE "roles"."id" = $1 LIMIT $2[0m  [["id", 1], ["LIMIT", 1]]
  ↳ app/models/user.rb:105
  [1m[36mCompany Load (0.2ms)[0m  [1m[34mSELECT  "companies".* FROM "companies" WHERE "companies"."id" = $1 LIMIT $2[0m  [["id", 1], ["LIMIT", 1]]
  ↳ app/controllers/application_controller.rb:25
  [1m[36mUser Load (0.4ms)[0m  [1m[34mSELECT  "users".* FROM "users" WHERE "users"."id" = $1 LIMIT $2[0m  [["id", 1], ["LIMIT", 1]]
  ↳ app/controllers/users/registrations_controller.rb:508
Unpermitted parameters: :branch, :department
  [1m[35m (0.1ms)[0m  [1m[35mBEGIN[0m
  ↳ app/controllers/users/registrations_controller.rb:252
  [1m[36mUser Exists (0.4ms)[0m  [1m[34mSELECT  1 AS one FROM "users" WHERE "users"."email" = $1 AND "users"."id" != $2 LIMIT $3[0m  [["email", "godd@example.com"], ["id", 1], ["LIMIT", 1]]
  ↳ app/controllers/users/registrations_controller.rb:252
  [1m[36mRole Load (0.3ms)[0m  [1m[34mSELECT  "roles".* FROM "roles" WHERE "roles"."id" = $1 LIMIT $2[0m  [["id", 3], ["LIMIT", 1]]
  ↳ app/controllers/users/registrations_controller.rb:252
  [1m[35m (0.2ms)[0m  [1m[31mROLLBACK[0m
  ↳ app/controllers/users/registrations_controller.rb:252
  [1m[36mRole Load (0.3ms)[0m  [1m[34mSELECT  "roles".* FROM "roles" WHERE "roles"."key" = $1 LIMIT $2[0m  [["key", "empleado_sin_acceso"], ["LIMIT", 1]]
  ↳ app/controllers/users/registrations_controller.rb:271
  Rendering users/registrations/new_user.html.slim within layouts/application
  [1m[36mRole Load (0.5ms)[0m  [1m[34mSELECT "roles".* FROM "roles" WHERE "roles"."key" IN ($1, $2, $3, $4)[0m  [["key", "admin_empresa"], ["key", "admin_sucursal"], ["key", "admin_departamento"], ["key", "empleado_sin_acceso"]]
  ↳ app/views/users/registrations/new_user.html.slim:1
  [1m[36mCompany Load (0.3ms)[0m  [1m[34mSELECT "companies".* FROM "companies" ORDER BY "companies"."name" ASC[0m
  ↳ app/views/users/registrations/new_user.html.slim:1
  Rendered users/registrations/_form.html.slim (33.1ms)
  Rendered users/registrations/new_user.html.slim within layouts/application (55.9ms)
  Rendered layouts/_javascripts.html.slim (25.7ms)
  Rendered layouts/_head.html.slim (629.3ms)
  [1m[35m (1.7ms)[0m  [1m[34mSELECT "items"."id" FROM "items" INNER JOIN "departments" ON "departments"."id" = "items"."department_id" INNER JOIN "branches" ON "branches"."id" = "departments"."branch_id" INNER JOIN "companies" ON "companies"."id" = "branches"."company_id" WHERE (companies.id = 1)[0m
  ↳ app/policies/item_policy.rb:11
  [1m[35m (1.9ms)[0m  [1m[34mSELECT "items"."id" FROM "items" INNER JOIN "branches" ON "branches"."id" = "items"."branch_id" INNER JOIN "companies" ON "companies"."id" = "branches"."company_id" WHERE (companies.id = 1)[0m
  ↳ app/policies/item_policy.rb:13
  [1m[35m (1.0ms)[0m  [1m[34mSELECT COUNT(*) FROM "items" WHERE 1=0[0m
  ↳ app/views/layouts/_header.html.slim:21
  [1m[35mCACHE  (0.0ms)[0m  [1m[34mSELECT COUNT(*) FROM "items" WHERE 1=0[0m
  ↳ app/views/layouts/_header.html.slim:23
  [1m[35mCACHE  (0.0ms)[0m  [1m[34mSELECT COUNT(*) FROM "items" WHERE 1=0[0m
  ↳ app/views/layouts/_header.html.slim:32
  [1m[36mCompany Load (0.4ms)[0m  [1m[34mSELECT  "companies".* FROM "companies" WHERE "companies"."id" = $1 LIMIT $2[0m  [["id", 1], ["LIMIT", 1]]
  ↳ app/helpers/application_helper.rb:69
  Rendered layouts/_account_dropdown.html.slim (27.8ms)
  Rendered layouts/_header.html.slim (73.1ms)
  Rendered layouts/_side_menu.html.slim (44.4ms)
  Rendered layouts/_content.html.slim (9.3ms)
  Rendered layouts/_footer.html.slim (3.6ms)
  Rendered layouts/_control_sidebar.html.slim (75.3ms)
Completed 200 OK in 995ms (Views: 978.5ms | ActiveRecord: 8.2ms)


Started GET "/" for 127.0.0.1 at 2020-08-30 11:55:17 -0600
  [1m[35m (7.7ms)[0m  [1m[34mSELECT "schema_migrations"."version" FROM "schema_migrations" ORDER BY "schema_migrations"."version" ASC[0m
  ↳ /Users/mac/.rvm/gems/ruby-2.5.1@inventory-gemset/gems/better_errors-2.7.1/lib/better_errors/middleware.rb:84
  [1m[36mUser Load (17.9ms)[0m  [1m[34mSELECT  "users".* FROM "users" WHERE "users"."id" = $1 ORDER BY "users"."id" ASC LIMIT $2[0m  [["id", 1], ["LIMIT", 1]]
  ↳ /Users/mac/.rvm/gems/ruby-2.5.1@inventory-gemset/gems/orm_adapter-0.5.0/lib/orm_adapter/adapters/active_record.rb:17
Processing by HomeController#index as HTML
  [1m[36mCompany Load (0.4ms)[0m  [1m[34mSELECT  "companies".* FROM "companies" WHERE "companies"."id" = $1 LIMIT $2[0m  [["id", 1], ["LIMIT", 1]]
  ↳ app/controllers/application_controller.rb:25
  [1m[36mRole Load (0.4ms)[0m  [1m[34mSELECT  "roles".* FROM "roles" WHERE "roles"."id" = $1 LIMIT $2[0m  [["id", 1], ["LIMIT", 1]]
  ↳ app/models/user.rb:105
  [1m[35m (8.5ms)[0m  [1m[34mSELECT "items"."id" FROM "items" INNER JOIN "departments" ON "departments"."id" = "items"."department_id" INNER JOIN "branches" ON "branches"."id" = "departments"."branch_id" INNER JOIN "companies" ON "companies"."id" = "branches"."company_id" WHERE (companies.id = 1)[0m
  ↳ app/policies/item_policy.rb:11
  [1m[35m (0.7ms)[0m  [1m[34mSELECT "items"."id" FROM "items" INNER JOIN "branches" ON "branches"."id" = "items"."branch_id" INNER JOIN "companies" ON "companies"."id" = "branches"."company_id" WHERE (companies.id = 1)[0m
  ↳ app/policies/item_policy.rb:13
  [1m[35m (0.4ms)[0m  [1m[34mSELECT COUNT(*) FROM "items" WHERE 1=0[0m
  ↳ app/controllers/home_controller.rb:20
  [1m[35m (0.5ms)[0m  [1m[34mSELECT "user_id" FROM "users" INNER JOIN "companies" ON "companies"."user_id" = "users"."id" WHERE (companies.id = 1)[0m
  ↳ app/policies/user_policy.rb:11
  [1m[35m (0.5ms)[0m  [1m[34mSELECT "manager_id" FROM "users" INNER JOIN "companies" ON "companies"."user_id" = "users"."id" INNER JOIN "branches" ON "branches"."company_id" = "companies"."id" WHERE (companies.id = 1)[0m
  ↳ app/policies/user_policy.rb:13
  [1m[35m (1.2ms)[0m  [1m[34mSELECT departments.manager_id FROM "users" INNER JOIN "companies" ON "companies"."user_id" = "users"."id" INNER JOIN "branches" ON "branches"."company_id" = "companies"."id" INNER JOIN "departments" ON "departments"."branch_id" = "branches"."id" WHERE (companies.id = 1)[0m
  ↳ app/policies/user_policy.rb:15
  [1m[35m (6.3ms)[0m  [1m[34mSELECT departments.id FROM "companies" INNER JOIN "branches" ON "branches"."company_id" = "companies"."id" INNER JOIN "departments" ON "departments"."branch_id" = "branches"."id" WHERE (companies.id = 1)[0m
  ↳ app/policies/user_policy.rb:17
  [1m[35m (0.4ms)[0m  [1m[34mSELECT COUNT(*) FROM "users" WHERE (users.id in (1) or department_id in (1) )[0m
  ↳ app/controllers/home_controller.rb:24
  [1m[35m (0.4ms)[0m  [1m[34mSELECT COUNT(*) FROM "branches" INNER JOIN "companies" ON "companies"."id" = "branches"."company_id" WHERE (companies.id = 1)[0m
  ↳ app/controllers/home_controller.rb:26
  [1m[35m (0.6ms)[0m  [1m[34mSELECT COUNT(*) FROM "departments" INNER JOIN "branches" ON "branches"."id" = "departments"."branch_id" INNER JOIN "companies" ON "companies"."id" = "branches"."company_id" WHERE (companies.id = 1)[0m
  ↳ app/controllers/home_controller.rb:27
  [1m[35m (0.4ms)[0m  [1m[34mSELECT SUM("items"."price") FROM "items" WHERE 1=0[0m
  ↳ app/controllers/home_controller.rb:31
  Rendering home/index.html.slim within layouts/application
  [1m[36mBranch Load (6.8ms)[0m  [1m[34mSELECT "branches".* FROM "branches" INNER JOIN "companies" ON "companies"."id" = "branches"."company_id" WHERE (companies.id = 1) ORDER BY companies.name ,branches.name[0m
  ↳ /Users/mac/.rvm/gems/ruby-2.5.1@inventory-gemset/gems/client_side_validations-12.0.0/lib/client_side_validations/action_view/form_builder.rb:77
  [1m[36mBranch Load (1.0ms)[0m  [1m[34mSELECT "branches".* FROM "branches" INNER JOIN "companies" ON "companies"."id" = "branches"."company_id" WHERE (companies.id = 1) ORDER BY companies.name ,branches.name, "branches"."name" ASC[0m
  ↳ app/views/home/index.html.slim:99
  [1m[36mDepartment Load (0.3ms)[0m  [1m[34mSELECT "departments".* FROM "departments" WHERE "departments"."branch_id" = $1 ORDER BY "departments"."id" ASC[0m  [["branch_id", 1]]
  ↳ app/views/home/index.html.slim:99
  [1m[36mCategory Load (0.8ms)[0m  [1m[34mSELECT "categories".* FROM "categories" WHERE "categories"."company_id" = $1 ORDER BY "categories"."name" ASC[0m  [["company_id", 1]]
  ↳ /Users/mac/.rvm/gems/ruby-2.5.1@inventory-gemset/gems/client_side_validations-12.0.0/lib/client_side_validations/action_view/form_builder.rb:77
  [1m[36mCACHE Category Load (0.0ms)[0m  [1m[34mSELECT "categories".* FROM "categories" WHERE "categories"."company_id" = $1 ORDER BY "categories"."name" ASC[0m  [["company_id", 1]]
  ↳ app/views/home/index.html.slim:126
  [1m[36mSubCategory Load (1.0ms)[0m  [1m[34mSELECT "sub_categories".* FROM "sub_categories" WHERE "sub_categories"."category_id" = $1 ORDER BY name, "sub_categories"."id" ASC[0m  [["category_id", 2]]
  ↳ app/views/home/index.html.slim:126
  [1m[36mBrand Load (0.7ms)[0m  [1m[34mSELECT "brands".* FROM "brands" ORDER BY "brands"."name" ASC[0m
  ↳ /Users/mac/.rvm/gems/ruby-2.5.1@inventory-gemset/gems/client_side_validations-12.0.0/lib/client_side_validations/action_view/form_builder.rb:77
  [1m[36mStatusItem Load (0.5ms)[0m  [1m[34mSELECT "status_items".* FROM "status_items" ORDER BY "status_items"."name" ASC[0m
  ↳ /Users/mac/.rvm/gems/ruby-2.5.1@inventory-gemset/gems/client_side_validations-12.0.0/lib/client_side_validations/action_view/form_builder.rb:77
  [1m[36mUser Load (0.5ms)[0m  [1m[34mSELECT "users".* FROM "users" ORDER BY "users"."first_name" ASC, "users"."last_name" ASC, "users"."maiden_name" ASC[0m
  ↳ app/views/home/index.html.slim:162
  [1m[36mCACHE Role Load (0.0ms)[0m  [1m[34mSELECT  "roles".* FROM "roles" WHERE "roles"."id" = $1 LIMIT $2[0m  [["id", 1], ["LIMIT", 1]]
  ↳ app/models/user.rb:83
  [1m[36mRole Load (0.4ms)[0m  [1m[34mSELECT  "roles".* FROM "roles" WHERE "roles"."id" = $1 LIMIT $2[0m  [["id", 6], ["LIMIT", 1]]
  ↳ app/models/user.rb:83
  [1m[35mCACHE  (0.0ms)[0m  [1m[34mSELECT COUNT(*) FROM "items" WHERE 1=0[0m
  ↳ /Users/mac/.rvm/gems/ruby-2.5.1@inventory-gemset/gems/will_paginate-3.3.0/lib/will_paginate/active_record.rb:92
  [1m[35mCACHE  (0.0ms)[0m  [1m[34mSELECT COUNT(*) FROM "items" WHERE 1=0[0m
  ↳ /Users/mac/.rvm/gems/ruby-2.5.1@inventory-gemset/gems/will_paginate-3.3.0/lib/will_paginate/active_record.rb:92
  [1m[36mItem Load (0.6ms)[0m  [1m[34mSELECT  "items".* FROM "items" WHERE 1=0 ORDER BY code asc LIMIT $1 OFFSET $2[0m  [["LIMIT", 20], ["OFFSET", 0]]
  ↳ app/views/home/_list_items_reporter.html.slim:27
  [1m[35mCACHE  (0.0ms)[0m  [1m[34mSELECT COUNT(*) FROM "items" WHERE 1=0[0m
  ↳ /Users/mac/.rvm/gems/ruby-2.5.1@inventory-gemset/gems/will_paginate-3.3.0/lib/will_paginate/active_record.rb:92
  Rendered home/_list_items_reporter.html.slim (20.6ms)
  Rendered home/index.html.slim within layouts/application (273.7ms)
  Rendered layouts/_javascripts.html.slim (1535.0ms)
  Rendered layouts/_head.html.slim (2250.8ms)
  [1m[35mCACHE  (0.0ms)[0m  [1m[34mSELECT COUNT(*) FROM "items" WHERE 1=0[0m
  ↳ app/views/layouts/_header.html.slim:21
  [1m[35mCACHE  (0.0ms)[0m  [1m[34mSELECT COUNT(*) FROM "items" WHERE 1=0[0m
  ↳ app/views/layouts/_header.html.slim:23
  [1m[35mCACHE  (0.0ms)[0m  [1m[34mSELECT COUNT(*) FROM "items" WHERE 1=0[0m
  ↳ app/views/layouts/_header.html.slim:32
  [1m[36mCACHE Company Load (0.0ms)[0m  [1m[34mSELECT  "companies".* FROM "companies" WHERE "companies"."id" = $1 LIMIT $2[0m  [["id", 1], ["LIMIT", 1]]
  ↳ app/helpers/application_helper.rb:69
  Rendered layouts/_account_dropdown.html.slim (3.7ms)
  Rendered layouts/_header.html.slim (22.3ms)
  Rendered layouts/_side_menu.html.slim (23.6ms)
  Rendered layouts/_content.html.slim (2.7ms)
  Rendered layouts/_footer.html.slim (3.4ms)
  Rendered layouts/_control_sidebar.html.slim (31.7ms)
Completed 200 OK in 2832ms (Views: 2625.9ms | ActiveRecord: 77.9ms)


Started GET "/" for 127.0.0.1 at 2020-08-30 12:02:55 -0600
  [1m[35m (6.6ms)[0m  [1m[34mSELECT "schema_migrations"."version" FROM "schema_migrations" ORDER BY "schema_migrations"."version" ASC[0m
  ↳ /Users/mac/.rvm/gems/ruby-2.5.1@inventory-gemset/gems/better_errors-2.7.1/lib/better_errors/middleware.rb:84
  [1m[36mUser Load (1.1ms)[0m  [1m[34mSELECT  "users".* FROM "users" WHERE "users"."id" = $1 ORDER BY "users"."id" ASC LIMIT $2[0m  [["id", 1], ["LIMIT", 1]]
  ↳ /Users/mac/.rvm/gems/ruby-2.5.1@inventory-gemset/gems/orm_adapter-0.5.0/lib/orm_adapter/adapters/active_record.rb:17
Processing by HomeController#index as HTML
  [1m[36mCompany Load (0.6ms)[0m  [1m[34mSELECT  "companies".* FROM "companies" WHERE "companies"."id" = $1 LIMIT $2[0m  [["id", 1], ["LIMIT", 1]]
  ↳ app/controllers/application_controller.rb:25
  [1m[36mRole Load (0.3ms)[0m  [1m[34mSELECT  "roles".* FROM "roles" WHERE "roles"."id" = $1 LIMIT $2[0m  [["id", 1], ["LIMIT", 1]]
  ↳ app/models/user.rb:105
  [1m[35m (1.8ms)[0m  [1m[34mSELECT "items"."id" FROM "items" INNER JOIN "departments" ON "departments"."id" = "items"."department_id" INNER JOIN "branches" ON "branches"."id" = "departments"."branch_id" INNER JOIN "companies" ON "companies"."id" = "branches"."company_id" WHERE (companies.id = 1)[0m
  ↳ app/policies/item_policy.rb:11
  [1m[35m (0.5ms)[0m  [1m[34mSELECT "items"."id" FROM "items" INNER JOIN "branches" ON "branches"."id" = "items"."branch_id" INNER JOIN "companies" ON "companies"."id" = "branches"."company_id" WHERE (companies.id = 1)[0m
  ↳ app/policies/item_policy.rb:13
  [1m[35m (0.3ms)[0m  [1m[34mSELECT COUNT(*) FROM "items" WHERE 1=0[0m
  ↳ app/controllers/home_controller.rb:20
  [1m[35m (0.4ms)[0m  [1m[34mSELECT "user_id" FROM "users" INNER JOIN "companies" ON "companies"."user_id" = "users"."id" WHERE (companies.id = 1)[0m
  ↳ app/policies/user_policy.rb:11
  [1m[35m (0.5ms)[0m  [1m[34mSELECT "manager_id" FROM "users" INNER JOIN "companies" ON "companies"."user_id" = "users"."id" INNER JOIN "branches" ON "branches"."company_id" = "companies"."id" WHERE (companies.id = 1)[0m
  ↳ app/policies/user_policy.rb:13
  [1m[35m (0.6ms)[0m  [1m[34mSELECT departments.manager_id FROM "users" INNER JOIN "companies" ON "companies"."user_id" = "users"."id" INNER JOIN "branches" ON "branches"."company_id" = "companies"."id" INNER JOIN "departments" ON "departments"."branch_id" = "branches"."id" WHERE (companies.id = 1)[0m
  ↳ app/policies/user_policy.rb:15
  [1m[35m (0.5ms)[0m  [1m[34mSELECT departments.id FROM "companies" INNER JOIN "branches" ON "branches"."company_id" = "companies"."id" INNER JOIN "departments" ON "departments"."branch_id" = "branches"."id" WHERE (companies.id = 1)[0m
  ↳ app/policies/user_policy.rb:17
  [1m[35m (0.3ms)[0m  [1m[34mSELECT COUNT(*) FROM "users" WHERE (users.id in (1) or department_id in (1) )[0m
  ↳ app/controllers/home_controller.rb:24
  [1m[35m (0.4ms)[0m  [1m[34mSELECT COUNT(*) FROM "branches" INNER JOIN "companies" ON "companies"."id" = "branches"."company_id" WHERE (companies.id = 1)[0m
  ↳ app/controllers/home_controller.rb:26
  [1m[35m (0.5ms)[0m  [1m[34mSELECT COUNT(*) FROM "departments" INNER JOIN "branches" ON "branches"."id" = "departments"."branch_id" INNER JOIN "companies" ON "companies"."id" = "branches"."company_id" WHERE (companies.id = 1)[0m
  ↳ app/controllers/home_controller.rb:27
  [1m[35m (0.4ms)[0m  [1m[34mSELECT SUM("items"."price") FROM "items" WHERE 1=0[0m
  ↳ app/controllers/home_controller.rb:31
  Rendering home/index.html.slim within layouts/application
  [1m[36mBranch Load (0.6ms)[0m  [1m[34mSELECT "branches".* FROM "branches" INNER JOIN "companies" ON "companies"."id" = "branches"."company_id" WHERE (companies.id = 1) ORDER BY companies.name ,branches.name[0m
  ↳ /Users/mac/.rvm/gems/ruby-2.5.1@inventory-gemset/gems/client_side_validations-12.0.0/lib/client_side_validations/action_view/form_builder.rb:77
  [1m[36mBranch Load (0.6ms)[0m  [1m[34mSELECT "branches".* FROM "branches" INNER JOIN "companies" ON "companies"."id" = "branches"."company_id" WHERE (companies.id = 1) ORDER BY companies.name ,branches.name, "branches"."name" ASC[0m
  ↳ app/views/home/index.html.slim:99
  [1m[36mDepartment Load (0.2ms)[0m  [1m[34mSELECT "departments".* FROM "departments" WHERE "departments"."branch_id" = $1 ORDER BY "departments"."id" ASC[0m  [["branch_id", 1]]
  ↳ app/views/home/index.html.slim:99
  [1m[36mCategory Load (0.4ms)[0m  [1m[34mSELECT "categories".* FROM "categories" WHERE "categories"."company_id" = $1 ORDER BY "categories"."name" ASC[0m  [["company_id", 1]]
  ↳ /Users/mac/.rvm/gems/ruby-2.5.1@inventory-gemset/gems/client_side_validations-12.0.0/lib/client_side_validations/action_view/form_builder.rb:77
  [1m[36mCACHE Category Load (0.0ms)[0m  [1m[34mSELECT "categories".* FROM "categories" WHERE "categories"."company_id" = $1 ORDER BY "categories"."name" ASC[0m  [["company_id", 1]]
  ↳ app/views/home/index.html.slim:126
  [1m[36mSubCategory Load (0.6ms)[0m  [1m[34mSELECT "sub_categories".* FROM "sub_categories" WHERE "sub_categories"."category_id" = $1 ORDER BY name, "sub_categories"."id" ASC[0m  [["category_id", 2]]
  ↳ app/views/home/index.html.slim:126
  [1m[36mBrand Load (0.5ms)[0m  [1m[34mSELECT "brands".* FROM "brands" ORDER BY "brands"."name" ASC[0m
  ↳ /Users/mac/.rvm/gems/ruby-2.5.1@inventory-gemset/gems/client_side_validations-12.0.0/lib/client_side_validations/action_view/form_builder.rb:77
  [1m[36mStatusItem Load (0.4ms)[0m  [1m[34mSELECT "status_items".* FROM "status_items" ORDER BY "status_items"."name" ASC[0m
  ↳ /Users/mac/.rvm/gems/ruby-2.5.1@inventory-gemset/gems/client_side_validations-12.0.0/lib/client_side_validations/action_view/form_builder.rb:77
  [1m[36mUser Load (0.5ms)[0m  [1m[34mSELECT "users".* FROM "users" ORDER BY "users"."first_name" ASC, "users"."last_name" ASC, "users"."maiden_name" ASC[0m
  ↳ app/views/home/index.html.slim:162
  [1m[36mCACHE Role Load (0.0ms)[0m  [1m[34mSELECT  "roles".* FROM "roles" WHERE "roles"."id" = $1 LIMIT $2[0m  [["id", 1], ["LIMIT", 1]]
  ↳ app/models/user.rb:83
  [1m[36mRole Load (0.2ms)[0m  [1m[34mSELECT  "roles".* FROM "roles" WHERE "roles"."id" = $1 LIMIT $2[0m  [["id", 6], ["LIMIT", 1]]
  ↳ app/models/user.rb:83
  [1m[35mCACHE  (0.0ms)[0m  [1m[34mSELECT COUNT(*) FROM "items" WHERE 1=0[0m
  ↳ /Users/mac/.rvm/gems/ruby-2.5.1@inventory-gemset/gems/will_paginate-3.3.0/lib/will_paginate/active_record.rb:92
  [1m[35mCACHE  (0.0ms)[0m  [1m[34mSELECT COUNT(*) FROM "items" WHERE 1=0[0m
  ↳ /Users/mac/.rvm/gems/ruby-2.5.1@inventory-gemset/gems/will_paginate-3.3.0/lib/will_paginate/active_record.rb:92
  [1m[36mItem Load (0.4ms)[0m  [1m[34mSELECT  "items".* FROM "items" WHERE 1=0 ORDER BY code asc LIMIT $1 OFFSET $2[0m  [["LIMIT", 20], ["OFFSET", 0]]
  ↳ app/views/home/_list_items_reporter.html.slim:27
  [1m[35mCACHE  (0.0ms)[0m  [1m[34mSELECT COUNT(*) FROM "items" WHERE 1=0[0m
  ↳ /Users/mac/.rvm/gems/ruby-2.5.1@inventory-gemset/gems/will_paginate-3.3.0/lib/will_paginate/active_record.rb:92
  Rendered home/_list_items_reporter.html.slim (15.5ms)
  Rendered home/index.html.slim within layouts/application (224.8ms)
  Rendered layouts/_javascripts.html.slim (1210.4ms)
  Rendered layouts/_head.html.slim (1849.2ms)
  [1m[35mCACHE  (0.0ms)[0m  [1m[34mSELECT COUNT(*) FROM "items" WHERE 1=0[0m
  ↳ app/views/layouts/_header.html.slim:21
  [1m[35mCACHE  (0.0ms)[0m  [1m[34mSELECT COUNT(*) FROM "items" WHERE 1=0[0m
  ↳ app/views/layouts/_header.html.slim:23
  [1m[35mCACHE  (0.0ms)[0m  [1m[34mSELECT COUNT(*) FROM "items" WHERE 1=0[0m
  ↳ app/views/layouts/_header.html.slim:32
  [1m[36mCACHE Company Load (0.0ms)[0m  [1m[34mSELECT  "companies".* FROM "companies" WHERE "companies"."id" = $1 LIMIT $2[0m  [["id", 1], ["LIMIT", 1]]
  ↳ app/helpers/application_helper.rb:69
  Rendered layouts/_account_dropdown.html.slim (6.9ms)
  Rendered layouts/_header.html.slim (29.1ms)
  Rendered layouts/_side_menu.html.slim (24.3ms)
  Rendered layouts/_content.html.slim (2.9ms)
  Rendered layouts/_footer.html.slim (3.4ms)
  Rendered layouts/_control_sidebar.html.slim (31.0ms)
Completed 200 OK in 2367ms (Views: 2201.0ms | ActiveRecord: 39.8ms)


Started GET "/" for 127.0.0.1 at 2020-08-30 22:13:01 -0600
  [1m[35m (0.6ms)[0m  [1m[34mSELECT "schema_migrations"."version" FROM "schema_migrations" ORDER BY "schema_migrations"."version" ASC[0m
  ↳ /Users/mac/.rvm/gems/ruby-2.5.1@inventory-gemset/gems/better_errors-2.7.1/lib/better_errors/middleware.rb:84
  [1m[36mUser Load (0.7ms)[0m  [1m[34mSELECT  "users".* FROM "users" WHERE "users"."id" = $1 ORDER BY "users"."id" ASC LIMIT $2[0m  [["id", 1], ["LIMIT", 1]]
  ↳ /Users/mac/.rvm/gems/ruby-2.5.1@inventory-gemset/gems/orm_adapter-0.5.0/lib/orm_adapter/adapters/active_record.rb:17
Processing by HomeController#index as HTML
  [1m[36mCompany Load (0.3ms)[0m  [1m[34mSELECT  "companies".* FROM "companies" WHERE "companies"."id" = $1 LIMIT $2[0m  [["id", 1], ["LIMIT", 1]]
  ↳ app/controllers/application_controller.rb:25
  [1m[36mRole Load (0.3ms)[0m  [1m[34mSELECT  "roles".* FROM "roles" WHERE "roles"."id" = $1 LIMIT $2[0m  [["id", 1], ["LIMIT", 1]]
  ↳ app/models/user.rb:105
  [1m[35m (1.8ms)[0m  [1m[34mSELECT "items"."id" FROM "items" INNER JOIN "departments" ON "departments"."id" = "items"."department_id" INNER JOIN "branches" ON "branches"."id" = "departments"."branch_id" INNER JOIN "companies" ON "companies"."id" = "branches"."company_id" WHERE (companies.id = 1)[0m
  ↳ app/policies/item_policy.rb:11
  [1m[35m (0.5ms)[0m  [1m[34mSELECT "items"."id" FROM "items" INNER JOIN "branches" ON "branches"."id" = "items"."branch_id" INNER JOIN "companies" ON "companies"."id" = "branches"."company_id" WHERE (companies.id = 1)[0m
  ↳ app/policies/item_policy.rb:13
  [1m[35m (0.3ms)[0m  [1m[34mSELECT COUNT(*) FROM "items" WHERE 1=0[0m
  ↳ app/controllers/home_controller.rb:20
  [1m[35m (0.4ms)[0m  [1m[34mSELECT "user_id" FROM "users" INNER JOIN "companies" ON "companies"."user_id" = "users"."id" WHERE (companies.id = 1)[0m
  ↳ app/policies/user_policy.rb:11
  [1m[35m (0.5ms)[0m  [1m[34mSELECT "manager_id" FROM "users" INNER JOIN "companies" ON "companies"."user_id" = "users"."id" INNER JOIN "branches" ON "branches"."company_id" = "companies"."id" WHERE (companies.id = 1)[0m
  ↳ app/policies/user_policy.rb:13
  [1m[35m (0.5ms)[0m  [1m[34mSELECT departments.manager_id FROM "users" INNER JOIN "companies" ON "companies"."user_id" = "users"."id" INNER JOIN "branches" ON "branches"."company_id" = "companies"."id" INNER JOIN "departments" ON "departments"."branch_id" = "branches"."id" WHERE (companies.id = 1)[0m
  ↳ app/policies/user_policy.rb:15
  [1m[35m (0.3ms)[0m  [1m[34mSELECT departments.id FROM "companies" INNER JOIN "branches" ON "branches"."company_id" = "companies"."id" INNER JOIN "departments" ON "departments"."branch_id" = "branches"."id" WHERE (companies.id = 1)[0m
  ↳ app/policies/user_policy.rb:17
  [1m[35m (0.2ms)[0m  [1m[34mSELECT COUNT(*) FROM "users" WHERE (users.id in (1) or department_id in (1) )[0m
  ↳ app/controllers/home_controller.rb:24
  [1m[35m (0.3ms)[0m  [1m[34mSELECT COUNT(*) FROM "branches" INNER JOIN "companies" ON "companies"."id" = "branches"."company_id" WHERE (companies.id = 1)[0m
  ↳ app/controllers/home_controller.rb:26
  [1m[35m (0.4ms)[0m  [1m[34mSELECT COUNT(*) FROM "departments" INNER JOIN "branches" ON "branches"."id" = "departments"."branch_id" INNER JOIN "companies" ON "companies"."id" = "branches"."company_id" WHERE (companies.id = 1)[0m
  ↳ app/controllers/home_controller.rb:27
  [1m[35m (0.3ms)[0m  [1m[34mSELECT SUM("items"."price") FROM "items" WHERE 1=0[0m
  ↳ app/controllers/home_controller.rb:31
  Rendering home/index.html.slim within layouts/application
  [1m[36mBranch Load (0.6ms)[0m  [1m[34mSELECT "branches".* FROM "branches" INNER JOIN "companies" ON "companies"."id" = "branches"."company_id" WHERE (companies.id = 1) ORDER BY companies.name ,branches.name[0m
  ↳ /Users/mac/.rvm/gems/ruby-2.5.1@inventory-gemset/gems/client_side_validations-12.0.0/lib/client_side_validations/action_view/form_builder.rb:77
  [1m[36mBranch Load (0.5ms)[0m  [1m[34mSELECT "branches".* FROM "branches" INNER JOIN "companies" ON "companies"."id" = "branches"."company_id" WHERE (companies.id = 1) ORDER BY companies.name ,branches.name, "branches"."name" ASC[0m
  ↳ app/views/home/index.html.slim:99
  [1m[36mDepartment Load (0.3ms)[0m  [1m[34mSELECT "departments".* FROM "departments" WHERE "departments"."branch_id" = $1 ORDER BY "departments"."id" ASC[0m  [["branch_id", 1]]
  ↳ app/views/home/index.html.slim:99
  [1m[36mCategory Load (0.6ms)[0m  [1m[34mSELECT "categories".* FROM "categories" WHERE "categories"."company_id" = $1 ORDER BY "categories"."name" ASC[0m  [["company_id", 1]]
  ↳ /Users/mac/.rvm/gems/ruby-2.5.1@inventory-gemset/gems/client_side_validations-12.0.0/lib/client_side_validations/action_view/form_builder.rb:77
  [1m[36mCACHE Category Load (0.0ms)[0m  [1m[34mSELECT "categories".* FROM "categories" WHERE "categories"."company_id" = $1 ORDER BY "categories"."name" ASC[0m  [["company_id", 1]]
  ↳ app/views/home/index.html.slim:126
  [1m[36mSubCategory Load (1.0ms)[0m  [1m[34mSELECT "sub_categories".* FROM "sub_categories" WHERE "sub_categories"."category_id" = $1 ORDER BY name, "sub_categories"."id" ASC[0m  [["category_id", 2]]
  ↳ app/views/home/index.html.slim:126
  [1m[36mBrand Load (0.5ms)[0m  [1m[34mSELECT "brands".* FROM "brands" ORDER BY "brands"."name" ASC[0m
  ↳ /Users/mac/.rvm/gems/ruby-2.5.1@inventory-gemset/gems/client_side_validations-12.0.0/lib/client_side_validations/action_view/form_builder.rb:77
  [1m[36mStatusItem Load (0.5ms)[0m  [1m[34mSELECT "status_items".* FROM "status_items" ORDER BY "status_items"."name" ASC[0m
  ↳ /Users/mac/.rvm/gems/ruby-2.5.1@inventory-gemset/gems/client_side_validations-12.0.0/lib/client_side_validations/action_view/form_builder.rb:77
  [1m[36mUser Load (0.5ms)[0m  [1m[34mSELECT "users".* FROM "users" ORDER BY "users"."first_name" ASC, "users"."last_name" ASC, "users"."maiden_name" ASC[0m
  ↳ app/views/home/index.html.slim:162
  [1m[36mCACHE Role Load (0.0ms)[0m  [1m[34mSELECT  "roles".* FROM "roles" WHERE "roles"."id" = $1 LIMIT $2[0m  [["id", 1], ["LIMIT", 1]]
  ↳ app/models/user.rb:83
  [1m[36mRole Load (0.2ms)[0m  [1m[34mSELECT  "roles".* FROM "roles" WHERE "roles"."id" = $1 LIMIT $2[0m  [["id", 6], ["LIMIT", 1]]
  ↳ app/models/user.rb:83
  [1m[35mCACHE  (0.1ms)[0m  [1m[34mSELECT COUNT(*) FROM "items" WHERE 1=0[0m
  ↳ /Users/mac/.rvm/gems/ruby-2.5.1@inventory-gemset/gems/will_paginate-3.3.0/lib/will_paginate/active_record.rb:92
  [1m[35mCACHE  (0.0ms)[0m  [1m[34mSELECT COUNT(*) FROM "items" WHERE 1=0[0m
  ↳ /Users/mac/.rvm/gems/ruby-2.5.1@inventory-gemset/gems/will_paginate-3.3.0/lib/will_paginate/active_record.rb:92
  [1m[36mItem Load (0.6ms)[0m  [1m[34mSELECT  "items".* FROM "items" WHERE 1=0 ORDER BY code asc LIMIT $1 OFFSET $2[0m  [["LIMIT", 20], ["OFFSET", 0]]
  ↳ app/views/home/_list_items_reporter.html.slim:27
  [1m[35mCACHE  (0.0ms)[0m  [1m[34mSELECT COUNT(*) FROM "items" WHERE 1=0[0m
  ↳ /Users/mac/.rvm/gems/ruby-2.5.1@inventory-gemset/gems/will_paginate-3.3.0/lib/will_paginate/active_record.rb:92
  Rendered home/_list_items_reporter.html.slim (19.1ms)
  Rendered home/index.html.slim within layouts/application (267.1ms)
  Rendered layouts/_javascripts.html.slim (1002.4ms)
  Rendered layouts/_head.html.slim (1580.1ms)
  [1m[35mCACHE  (0.0ms)[0m  [1m[34mSELECT COUNT(*) FROM "items" WHERE 1=0[0m
  ↳ app/views/layouts/_header.html.slim:21
  [1m[35mCACHE  (0.0ms)[0m  [1m[34mSELECT COUNT(*) FROM "items" WHERE 1=0[0m
  ↳ app/views/layouts/_header.html.slim:23
  [1m[35mCACHE  (0.0ms)[0m  [1m[34mSELECT COUNT(*) FROM "items" WHERE 1=0[0m
  ↳ app/views/layouts/_header.html.slim:32
  [1m[36mCACHE Company Load (0.0ms)[0m  [1m[34mSELECT  "companies".* FROM "companies" WHERE "companies"."id" = $1 LIMIT $2[0m  [["id", 1], ["LIMIT", 1]]
  ↳ app/helpers/application_helper.rb:69
  Rendered layouts/_account_dropdown.html.slim (3.8ms)
  Rendered layouts/_header.html.slim (24.4ms)
  Rendered layouts/_side_menu.html.slim (16.7ms)
  Rendered layouts/_content.html.slim (2.4ms)
  Rendered layouts/_footer.html.slim (2.4ms)
  Rendered layouts/_control_sidebar.html.slim (26.9ms)
Completed 200 OK in 2135ms (Views: 1962.4ms | ActiveRecord: 42.3ms)


